<?xml version="1.0" encoding="UTF-8"?>
<testng-results ignored="0" total="1" passed="1" failed="0" skipped="0">
  <reporter-output>
  </reporter-output>
  <suite started-at="2021-04-01T15:16:35 IST" name="Default suite" finished-at="2021-04-01T15:16:50 IST" duration-ms="15785">
    <groups>
    </groups>
    <test started-at="2021-04-01T15:16:35 IST" name="Default test" finished-at="2021-04-01T15:16:50 IST" duration-ms="15785">
      <class name="sample.FlipkartAssignTest">
        <test-method signature="getPriceModulenameReviewOfIphone()[pri:0, instance:sample.FlipkartAssignTest@38c5cc4c]" started-at="2021-04-01T15:16:35 IST" name="getPriceModulenameReviewOfIphone" finished-at="2021-04-01T15:16:50 IST" duration-ms="15754" status="PASS">
          <reporter-output>
          </reporter-output>
        </test-method> <!-- getPriceModulenameReviewOfIphone -->
      </class> <!-- sample.FlipkartAssignTest -->
    </test> <!-- Default test -->
  </suite> <!-- Default suite -->
</testng-results>
